<?xml version="1.0" encoding="UTF-8"?>
<!-- Generated by org.testng.reporters.JUnitXMLReporter -->
<testsuite hostname="abhi-PC" ignored="0" name="Login Test iteration 2" tests="5" failures="0" timestamp="17 Feb 2019 16:49:08 GMT" time="47.774" errors="0">
  <testcase name="test" time="0.868" classname="dataDrivenTesting.LoginWithTestNG"/>
  <testcase name="test" time="0.904" classname="dataDrivenTesting.LoginWithTestNG"/>
  <testcase name="test" time="0.9" classname="dataDrivenTesting.LoginWithTestNG"/>
  <testcase name="test" time="0.88" classname="dataDrivenTesting.LoginWithTestNG"/>
  <testcase name="test" time="0.955" classname="dataDrivenTesting.LoginWithTestNG"/>
</testsuite> <!-- Login Test iteration 2 -->
