<?xml version="1.0" encoding="UTF-8"?>
<!-- Generated by org.testng.reporters.JUnitXMLReporter -->
<testsuite hostname="abhi-PC" ignored="0" name="Login Test iteration 1" tests="5" failures="0" timestamp="17 Feb 2019 16:48:20 GMT" time="52.36" errors="0">
  <testcase name="test" time="0.892" classname="dataDrivenTesting.LoginWithTestNG"/>
  <testcase name="test" time="0.935" classname="dataDrivenTesting.LoginWithTestNG"/>
  <testcase name="test" time="0.935" classname="dataDrivenTesting.LoginWithTestNG"/>
  <testcase name="test" time="1.001" classname="dataDrivenTesting.LoginWithTestNG"/>
  <testcase name="test" time="0.882" classname="dataDrivenTesting.LoginWithTestNG"/>
</testsuite> <!-- Login Test iteration 1 -->
