<?xml version="1.0" encoding="UTF-8"?>
<!-- Generated by org.testng.reporters.JUnitXMLReporter -->
<testsuite hostname="abhi-PC" ignored="0" name="LoginTest" tests="6" failures="0" timestamp="17 Feb 2019 14:33:35 GMT" time="51.98" errors="0">
  <testcase name="f" time="0.028" classname="tests.TestNg"/>
  <testcase name="test" time="1.634" classname="dataDrivenTesting.LoginWithTestNG"/>
  <testcase name="test" time="1.188" classname="dataDrivenTesting.LoginWithTestNG"/>
  <testcase name="test" time="0.927" classname="dataDrivenTesting.LoginWithTestNG"/>
  <testcase name="test" time="1.006" classname="dataDrivenTesting.LoginWithTestNG"/>
  <testcase name="test" time="1.004" classname="dataDrivenTesting.LoginWithTestNG"/>
</testsuite> <!-- LoginTest -->
