<?xml version="1.0" encoding="UTF-8"?>
<!-- Generated by org.testng.reporters.JUnitXMLReporter -->
<testsuite hostname="abhi-PC" ignored="0" name="Default test" tests="5" failures="0" timestamp="14 Feb 2019 17:36:15 GMT" time="50.111" errors="0">
  <testcase name="test" time="1.514" classname="main.LoginWithTestNG"/>
  <testcase name="test" time="0.923" classname="main.LoginWithTestNG"/>
  <testcase name="test" time="1.025" classname="main.LoginWithTestNG"/>
  <testcase name="test" time="0.899" classname="main.LoginWithTestNG"/>
  <testcase name="test" time="0.968" classname="main.LoginWithTestNG"/>
</testsuite> <!-- Default test -->
