<?xml version="1.0" encoding="UTF-8"?>
<testng-results skipped="0" failed="0" ignored="0" total="10" passed="10">
  <reporter-output>
  </reporter-output>
  <suite name="Project Test Suite" duration-ms="100154" started-at="2019-02-17T16:47:28Z" finished-at="2019-02-17T16:49:08Z">
    <groups>
    </groups>
    <test name="Login Test iteration 1" duration-ms="52360" started-at="2019-02-17T16:47:28Z" finished-at="2019-02-17T16:48:20Z">
      <class name="dataDrivenTesting.LoginWithTestNG">
        <test-method status="PASS" signature="setup()[pri:0, instance:dataDrivenTesting.LoginWithTestNG@14acaea5]" name="setup" is-config="true" duration-ms="12039" started-at="2019-02-17T16:47:28Z" finished-at="2019-02-17T16:47:40Z">
          <reporter-output>
          </reporter-output>
        </test-method> <!-- setup -->
        <test-method status="PASS" signature="test(java.lang.String, java.lang.String)[pri:0, instance:dataDrivenTesting.LoginWithTestNG@14acaea5]" name="test" duration-ms="892" started-at="2019-02-17T16:47:40Z" data-provider="getData" finished-at="2019-02-17T16:47:41Z">
          <params>
            <param index="0">
              <value>
                <![CDATA[tomsmith]]>
              </value>
            </param>
            <param index="1">
              <value>
                <![CDATA[SuperSecretPassword!]]>
              </value>
            </param>
          </params>
          <reporter-output>
          </reporter-output>
        </test-method> <!-- test -->
        <test-method status="PASS" signature="tearDown()[pri:0, instance:dataDrivenTesting.LoginWithTestNG@14acaea5]" name="tearDown" is-config="true" duration-ms="640" started-at="2019-02-17T16:47:41Z" finished-at="2019-02-17T16:47:41Z">
          <reporter-output>
          </reporter-output>
        </test-method> <!-- tearDown -->
        <test-method status="PASS" signature="setup()[pri:0, instance:dataDrivenTesting.LoginWithTestNG@14acaea5]" name="setup" is-config="true" duration-ms="6976" started-at="2019-02-17T16:47:41Z" finished-at="2019-02-17T16:47:48Z">
          <reporter-output>
          </reporter-output>
        </test-method> <!-- setup -->
        <test-method status="PASS" signature="test(java.lang.String, java.lang.String)[pri:0, instance:dataDrivenTesting.LoginWithTestNG@14acaea5]" name="test" duration-ms="935" started-at="2019-02-17T16:47:48Z" data-provider="getData" finished-at="2019-02-17T16:47:49Z">
          <params>
            <param index="0">
              <value>
                <![CDATA[tomsmith]]>
              </value>
            </param>
            <param index="1">
              <value>
                <![CDATA[SuperSecretPassword!]]>
              </value>
            </param>
          </params>
          <reporter-output>
          </reporter-output>
        </test-method> <!-- test -->
        <test-method status="PASS" signature="tearDown()[pri:0, instance:dataDrivenTesting.LoginWithTestNG@14acaea5]" name="tearDown" is-config="true" duration-ms="634" started-at="2019-02-17T16:47:49Z" finished-at="2019-02-17T16:47:50Z">
          <reporter-output>
          </reporter-output>
        </test-method> <!-- tearDown -->
        <test-method status="PASS" signature="setup()[pri:0, instance:dataDrivenTesting.LoginWithTestNG@14acaea5]" name="setup" is-config="true" duration-ms="8593" started-at="2019-02-17T16:47:50Z" finished-at="2019-02-17T16:47:58Z">
          <reporter-output>
          </reporter-output>
        </test-method> <!-- setup -->
        <test-method status="PASS" signature="test(java.lang.String, java.lang.String)[pri:0, instance:dataDrivenTesting.LoginWithTestNG@14acaea5]" name="test" duration-ms="935" started-at="2019-02-17T16:47:58Z" data-provider="getData" finished-at="2019-02-17T16:47:59Z">
          <params>
            <param index="0">
              <value>
                <![CDATA[tomsmith]]>
              </value>
            </param>
            <param index="1">
              <value>
                <![CDATA[SuperSecretPassword!]]>
              </value>
            </param>
          </params>
          <reporter-output>
          </reporter-output>
        </test-method> <!-- test -->
        <test-method status="PASS" signature="tearDown()[pri:0, instance:dataDrivenTesting.LoginWithTestNG@14acaea5]" name="tearDown" is-config="true" duration-ms="615" started-at="2019-02-17T16:47:59Z" finished-at="2019-02-17T16:48:00Z">
          <reporter-output>
          </reporter-output>
        </test-method> <!-- tearDown -->
        <test-method status="PASS" signature="setup()[pri:0, instance:dataDrivenTesting.LoginWithTestNG@14acaea5]" name="setup" is-config="true" duration-ms="9623" started-at="2019-02-17T16:48:00Z" finished-at="2019-02-17T16:48:10Z">
          <reporter-output>
          </reporter-output>
        </test-method> <!-- setup -->
        <test-method status="PASS" signature="test(java.lang.String, java.lang.String)[pri:0, instance:dataDrivenTesting.LoginWithTestNG@14acaea5]" name="test" duration-ms="1001" started-at="2019-02-17T16:48:10Z" data-provider="getData" finished-at="2019-02-17T16:48:11Z">
          <params>
            <param index="0">
              <value>
                <![CDATA[tomsmith]]>
              </value>
            </param>
            <param index="1">
              <value>
                <![CDATA[SuperSecretPassword!]]>
              </value>
            </param>
          </params>
          <reporter-output>
          </reporter-output>
        </test-method> <!-- test -->
        <test-method status="PASS" signature="tearDown()[pri:0, instance:dataDrivenTesting.LoginWithTestNG@14acaea5]" name="tearDown" is-config="true" duration-ms="652" started-at="2019-02-17T16:48:11Z" finished-at="2019-02-17T16:48:11Z">
          <reporter-output>
          </reporter-output>
        </test-method> <!-- tearDown -->
        <test-method status="PASS" signature="setup()[pri:0, instance:dataDrivenTesting.LoginWithTestNG@14acaea5]" name="setup" is-config="true" duration-ms="7084" started-at="2019-02-17T16:48:11Z" finished-at="2019-02-17T16:48:18Z">
          <reporter-output>
          </reporter-output>
        </test-method> <!-- setup -->
        <test-method status="PASS" signature="test(java.lang.String, java.lang.String)[pri:0, instance:dataDrivenTesting.LoginWithTestNG@14acaea5]" name="test" duration-ms="882" started-at="2019-02-17T16:48:18Z" data-provider="getData" finished-at="2019-02-17T16:48:19Z">
          <params>
            <param index="0">
              <value>
                <![CDATA[tomsmith]]>
              </value>
            </param>
            <param index="1">
              <value>
                <![CDATA[SuperSecretPassword!]]>
              </value>
            </param>
          </params>
          <reporter-output>
          </reporter-output>
        </test-method> <!-- test -->
        <test-method status="PASS" signature="tearDown()[pri:0, instance:dataDrivenTesting.LoginWithTestNG@14acaea5]" name="tearDown" is-config="true" duration-ms="621" started-at="2019-02-17T16:48:19Z" finished-at="2019-02-17T16:48:20Z">
          <reporter-output>
          </reporter-output>
        </test-method> <!-- tearDown -->
      </class> <!-- dataDrivenTesting.LoginWithTestNG -->
    </test> <!-- Login Test iteration 1 -->
    <test name="Login Test iteration 2" duration-ms="47774" started-at="2019-02-17T16:48:20Z" finished-at="2019-02-17T16:49:08Z">
      <class name="dataDrivenTesting.LoginWithTestNG">
        <test-method status="PASS" signature="setup()[pri:0, instance:dataDrivenTesting.LoginWithTestNG@42e26948]" name="setup" is-config="true" duration-ms="6868" started-at="2019-02-17T16:48:20Z" finished-at="2019-02-17T16:48:27Z">
          <reporter-output>
          </reporter-output>
        </test-method> <!-- setup -->
        <test-method status="PASS" signature="test(java.lang.String, java.lang.String)[pri:0, instance:dataDrivenTesting.LoginWithTestNG@42e26948]" name="test" duration-ms="868" started-at="2019-02-17T16:48:27Z" data-provider="getData" finished-at="2019-02-17T16:48:28Z">
          <params>
            <param index="0">
              <value>
                <![CDATA[tomsmith]]>
              </value>
            </param>
            <param index="1">
              <value>
                <![CDATA[SuperSecretPassword!]]>
              </value>
            </param>
          </params>
          <reporter-output>
          </reporter-output>
        </test-method> <!-- test -->
        <test-method status="PASS" signature="tearDown()[pri:0, instance:dataDrivenTesting.LoginWithTestNG@42e26948]" name="tearDown" is-config="true" duration-ms="639" started-at="2019-02-17T16:48:28Z" finished-at="2019-02-17T16:48:28Z">
          <reporter-output>
          </reporter-output>
        </test-method> <!-- tearDown -->
        <test-method status="PASS" signature="setup()[pri:0, instance:dataDrivenTesting.LoginWithTestNG@42e26948]" name="setup" is-config="true" duration-ms="6638" started-at="2019-02-17T16:48:28Z" finished-at="2019-02-17T16:48:35Z">
          <reporter-output>
          </reporter-output>
        </test-method> <!-- setup -->
        <test-method status="PASS" signature="test(java.lang.String, java.lang.String)[pri:0, instance:dataDrivenTesting.LoginWithTestNG@42e26948]" name="test" duration-ms="904" started-at="2019-02-17T16:48:35Z" data-provider="getData" finished-at="2019-02-17T16:48:36Z">
          <params>
            <param index="0">
              <value>
                <![CDATA[tomsmith]]>
              </value>
            </param>
            <param index="1">
              <value>
                <![CDATA[SuperSecretPassword!]]>
              </value>
            </param>
          </params>
          <reporter-output>
          </reporter-output>
        </test-method> <!-- test -->
        <test-method status="PASS" signature="tearDown()[pri:0, instance:dataDrivenTesting.LoginWithTestNG@42e26948]" name="tearDown" is-config="true" duration-ms="620" started-at="2019-02-17T16:48:36Z" finished-at="2019-02-17T16:48:36Z">
          <reporter-output>
          </reporter-output>
        </test-method> <!-- tearDown -->
        <test-method status="PASS" signature="setup()[pri:0, instance:dataDrivenTesting.LoginWithTestNG@42e26948]" name="setup" is-config="true" duration-ms="12275" started-at="2019-02-17T16:48:36Z" finished-at="2019-02-17T16:48:49Z">
          <reporter-output>
          </reporter-output>
        </test-method> <!-- setup -->
        <test-method status="PASS" signature="test(java.lang.String, java.lang.String)[pri:0, instance:dataDrivenTesting.LoginWithTestNG@42e26948]" name="test" duration-ms="900" started-at="2019-02-17T16:48:49Z" data-provider="getData" finished-at="2019-02-17T16:48:50Z">
          <params>
            <param index="0">
              <value>
                <![CDATA[tomsmith]]>
              </value>
            </param>
            <param index="1">
              <value>
                <![CDATA[SuperSecretPassword!]]>
              </value>
            </param>
          </params>
          <reporter-output>
          </reporter-output>
        </test-method> <!-- test -->
        <test-method status="PASS" signature="tearDown()[pri:0, instance:dataDrivenTesting.LoginWithTestNG@42e26948]" name="tearDown" is-config="true" duration-ms="617" started-at="2019-02-17T16:48:50Z" finished-at="2019-02-17T16:48:50Z">
          <reporter-output>
          </reporter-output>
        </test-method> <!-- tearDown -->
        <test-method status="PASS" signature="setup()[pri:0, instance:dataDrivenTesting.LoginWithTestNG@42e26948]" name="setup" is-config="true" duration-ms="6798" started-at="2019-02-17T16:48:50Z" finished-at="2019-02-17T16:48:57Z">
          <reporter-output>
          </reporter-output>
        </test-method> <!-- setup -->
        <test-method status="PASS" signature="test(java.lang.String, java.lang.String)[pri:0, instance:dataDrivenTesting.LoginWithTestNG@42e26948]" name="test" duration-ms="880" started-at="2019-02-17T16:48:57Z" data-provider="getData" finished-at="2019-02-17T16:48:58Z">
          <params>
            <param index="0">
              <value>
                <![CDATA[tomsmith]]>
              </value>
            </param>
            <param index="1">
              <value>
                <![CDATA[SuperSecretPassword!]]>
              </value>
            </param>
          </params>
          <reporter-output>
          </reporter-output>
        </test-method> <!-- test -->
        <test-method status="PASS" signature="tearDown()[pri:0, instance:dataDrivenTesting.LoginWithTestNG@42e26948]" name="tearDown" is-config="true" duration-ms="624" started-at="2019-02-17T16:48:58Z" finished-at="2019-02-17T16:48:59Z">
          <reporter-output>
          </reporter-output>
        </test-method> <!-- tearDown -->
        <test-method status="PASS" signature="setup()[pri:0, instance:dataDrivenTesting.LoginWithTestNG@42e26948]" name="setup" is-config="true" duration-ms="7565" started-at="2019-02-17T16:48:59Z" finished-at="2019-02-17T16:49:06Z">
          <reporter-output>
          </reporter-output>
        </test-method> <!-- setup -->
        <test-method status="PASS" signature="test(java.lang.String, java.lang.String)[pri:0, instance:dataDrivenTesting.LoginWithTestNG@42e26948]" name="test" duration-ms="955" started-at="2019-02-17T16:49:06Z" data-provider="getData" finished-at="2019-02-17T16:49:07Z">
          <params>
            <param index="0">
              <value>
                <![CDATA[tomsmith]]>
              </value>
            </param>
            <param index="1">
              <value>
                <![CDATA[SuperSecretPassword!]]>
              </value>
            </param>
          </params>
          <reporter-output>
          </reporter-output>
        </test-method> <!-- test -->
        <test-method status="PASS" signature="tearDown()[pri:0, instance:dataDrivenTesting.LoginWithTestNG@42e26948]" name="tearDown" is-config="true" duration-ms="609" started-at="2019-02-17T16:49:07Z" finished-at="2019-02-17T16:49:08Z">
          <reporter-output>
          </reporter-output>
        </test-method> <!-- tearDown -->
      </class> <!-- dataDrivenTesting.LoginWithTestNG -->
    </test> <!-- Login Test iteration 2 -->
  </suite> <!-- Project Test Suite -->
</testng-results>
